<?xml version="1.0" encoding="UTF-8"?>
<!-- Generated by org.testng.reporters.JUnitReportReporter -->
<testsuite skipped="0" hostname="DESKTOP-Q4BPVH9" name="com.euscold.testcases.Inventory_Inquiry_Multiple_Prods" tests="9" failures="0" timestamp="15 Oct 2019 08:12:03 GMT" time="180.828" errors="0">
  <testcase name="Inventory" time="12.582" classname="com.euscold.testcases.Inventory_Inquiry_Multiple_Prods"/>
  <testcase name="excelCreation" time="0.034" classname="com.euscold.testcases.Inventory_Inquiry_Multiple_Prods"/>
  <testcase name="Inv_Query" time="9.322" classname="com.euscold.testcases.Inventory_Inquiry_Multiple_Prods"/>
  <testcase name="prod" time="32.849" classname="com.euscold.testcases.Inventory_Inquiry_Multiple_Prods"/>
  <testcase name="eUSCOLD_Login" time="30.093" classname="com.euscold.testcases.Inventory_Inquiry_Multiple_Prods"/>
  <testcase name="prod" time="34.798" classname="com.euscold.testcases.Inventory_Inquiry_Multiple_Prods"/>
  <testcase name="prod" time="39.084" classname="com.euscold.testcases.Inventory_Inquiry_Multiple_Prods"/>
  <testcase name="Inv_Query" time="8.959" classname="com.euscold.testcases.Inventory_Inquiry_Multiple_Prods"/>
  <testcase name="Inv_Query" time="13.107" classname="com.euscold.testcases.Inventory_Inquiry_Multiple_Prods"/>
</testsuite> <!-- com.euscold.testcases.Inventory_Inquiry_Multiple_Prods -->
